<?xml version="1.0" encoding="UTF-8"?>
<!-- Generated by org.testng.reporters.JUnitXMLReporter -->
<testsuite hostname="SONY-PC" ignored="0" name="Test" tests="6" failures="0" timestamp="30 Nov 2020 07:49:10 GMT" time="0.096" errors="0">
  <testcase name="TC_01" time="0.024" classname="org.demo.tstNG.demo"/>
  <testcase name="TC_02" time="0.001" classname="org.demo.tstNG.demo"/>
  <testcase name="TC_04" time="0.0" classname="org.demo.tstNG.demo"/>
  <testcase name="TC_06" time="0.002" classname="org.demo.tstNG.demo"/>
  <testcase name="TC_03" time="0.002" classname="org.demo.tstNG.demo"/>
  <testcase name="TC_05" time="0.003" classname="org.demo.tstNG.demo"/>
</testsuite> <!-- Test -->
